This file contains any messages produced by compilers while
running configure, to aid debugging if configure makes a mistake.

It was created by hdrvdp configure 1.7.1, which was
generated by GNU Autoconf 2.65.  Invocation command line was

  $ ./configure 

## --------- ##
## Platform. ##
## --------- ##

hostname = stormtrooper
uname -m = x86_64
uname -r = 5.11.0-40-generic
uname -s = Linux
uname -v = #44~20.04.2-Ubuntu SMP Tue Oct 26 18:07:44 UTC 2021

/usr/bin/uname -p = x86_64
/bin/uname -X     = unknown

/bin/arch              = x86_64
/usr/bin/arch -k       = unknown
/usr/convex/getsysinfo = unknown
/usr/bin/hostinfo      = unknown
/bin/machine           = unknown
/usr/bin/oslevel       = unknown
/bin/universe          = unknown

PATH: /home/josh-admin/bin
PATH: /home/josh-admin/anaconda3/envs/hdr_tools/bin
PATH: /home/josh-admin/anaconda3/condabin
PATH: /usr/local/sbin
PATH: /usr/local/bin
PATH: /usr/sbin
PATH: /usr/bin
PATH: /sbin
PATH: /bin
PATH: /usr/games
PATH: /usr/local/games
PATH: /snap/bin


## ----------- ##
## Core tests. ##
## ----------- ##

configure:1854: checking for a BSD-compatible install
configure:1922: result: /usr/bin/install -c
configure:1933: checking whether build environment is sane
configure:1983: result: yes
configure:2124: checking for a thread-safe mkdir -p
configure:2163: result: /usr/bin/mkdir -p
configure:2176: checking for gawk
configure:2206: result: no
configure:2176: checking for mawk
configure:2192: found /usr/bin/mawk
configure:2203: result: mawk
configure:2214: checking whether make sets $(MAKE)
configure:2236: result: yes
configure:2317: checking for pfs library
configure:2368: checking for pkg-config
configure:2386: found /usr/bin/pkg-config
configure:2398: result: /usr/bin/pkg-config
configure:2423: checking pkg-config is at least version 0.9.0
configure:2426: result: yes
configure:2437: checking for PFS
configure:2444: $PKG_CONFIG --exists --print-errors "pfs >= 1.2"
configure:2447: $? = 0
configure:2460: $PKG_CONFIG --exists --print-errors "pfs >= 1.2"
configure:2463: $? = 0
configure:2500: result: yes
configure:2583: checking for g++
configure:2599: found /usr/bin/g++
configure:2610: result: g++
configure:2637: checking for C++ compiler version
configure:2646: g++ --version >&5
g++ (Ubuntu 9.3.0-17ubuntu1~20.04) 9.3.0
Copyright (C) 2019 Free Software Foundation, Inc.
This is free software; see the source for copying conditions.  There is NO
warranty; not even for MERCHANTABILITY or FITNESS FOR A PARTICULAR PURPOSE.

configure:2657: $? = 0
configure:2646: g++ -v >&5
Using built-in specs.
COLLECT_GCC=g++
COLLECT_LTO_WRAPPER=/usr/lib/gcc/x86_64-linux-gnu/9/lto-wrapper
OFFLOAD_TARGET_NAMES=nvptx-none:hsa
OFFLOAD_TARGET_DEFAULT=1
Target: x86_64-linux-gnu
Configured with: ../src/configure -v --with-pkgversion='Ubuntu 9.3.0-17ubuntu1~20.04' --with-bugurl=file:///usr/share/doc/gcc-9/README.Bugs --enable-languages=c,ada,c++,go,brig,d,fortran,objc,obj-c++,gm2 --prefix=/usr --with-gcc-major-version-only --program-suffix=-9 --program-prefix=x86_64-linux-gnu- --enable-shared --enable-linker-build-id --libexecdir=/usr/lib --without-included-gettext --enable-threads=posix --libdir=/usr/lib --enable-nls --enable-clocale=gnu --enable-libstdcxx-debug --enable-libstdcxx-time=yes --with-default-libstdcxx-abi=new --enable-gnu-unique-object --disable-vtable-verify --enable-plugin --enable-default-pie --with-system-zlib --with-target-system-zlib=auto --enable-objc-gc=auto --enable-multiarch --disable-werror --with-arch-32=i686 --with-abi=m64 --with-multilib-list=m32,m64,mx32 --enable-multilib --with-tune=generic --enable-offload-targets=nvptx-none=/build/gcc-9-HskZEa/gcc-9-9.3.0/debian/tmp-nvptx/usr,hsa --without-cuda-driver --enable-checking=release --build=x86_64-linux-gnu --host=x86_64-linux-gnu --target=x86_64-linux-gnu
Thread model: posix
gcc version 9.3.0 (Ubuntu 9.3.0-17ubuntu1~20.04) 
configure:2657: $? = 0
configure:2646: g++ -V >&5
g++: error: unrecognized command line option '-V'
g++: fatal error: no input files
compilation terminated.
configure:2657: $? = 1
configure:2646: g++ -qversion >&5
g++: error: unrecognized command line option '-qversion'; did you mean '--version'?
g++: fatal error: no input files
compilation terminated.
configure:2657: $? = 1
configure:2677: checking whether the C++ compiler works
configure:2699: g++ -O3   conftest.cpp  >&5
configure:2703: $? = 0
configure:2752: result: yes
configure:2755: checking for C++ compiler default output file name
configure:2757: result: a.out
configure:2763: checking for suffix of executables
configure:2770: g++ -o conftest -O3   conftest.cpp  >&5
configure:2774: $? = 0
configure:2796: result: 
configure:2818: checking whether we are cross compiling
configure:2826: g++ -o conftest -O3   conftest.cpp  >&5
configure:2830: $? = 0
configure:2837: ./conftest
configure:2841: $? = 0
configure:2829: result: no
configure:2834: checking for suffix of object files
configure:2856: g++ -c -O3  conftest.cpp >&5
configure:2860: $? = 0
configure:2881: result: o
configure:2885: checking whether we are using the GNU C++ compiler
configure:2904: g++ -c -O3  conftest.cpp >&5
configure:2904: $? = 0
configure:2913: result: yes
configure:2922: checking whether g++ accepts -g
configure:2942: g++ -c -g  conftest.cpp >&5
configure:2942: $? = 0
configure:2983: result: yes
configure:3017: checking for style of include used by make
configure:3045: result: GNU
configure:3070: checking dependency style of g++
configure:3180: result: gcc3
configure:3243: checking for gcc
configure:3259: found /usr/bin/gcc
configure:3270: result: gcc
configure:3499: checking for C compiler version
configure:3508: gcc --version >&5
gcc (Ubuntu 9.3.0-17ubuntu1~20.04) 9.3.0
Copyright (C) 2019 Free Software Foundation, Inc.
This is free software; see the source for copying conditions.  There is NO
warranty; not even for MERCHANTABILITY or FITNESS FOR A PARTICULAR PURPOSE.

configure:3519: $? = 0
configure:3508: gcc -v >&5
Using built-in specs.
COLLECT_GCC=gcc
COLLECT_LTO_WRAPPER=/usr/lib/gcc/x86_64-linux-gnu/9/lto-wrapper
OFFLOAD_TARGET_NAMES=nvptx-none:hsa
OFFLOAD_TARGET_DEFAULT=1
Target: x86_64-linux-gnu
Configured with: ../src/configure -v --with-pkgversion='Ubuntu 9.3.0-17ubuntu1~20.04' --with-bugurl=file:///usr/share/doc/gcc-9/README.Bugs --enable-languages=c,ada,c++,go,brig,d,fortran,objc,obj-c++,gm2 --prefix=/usr --with-gcc-major-version-only --program-suffix=-9 --program-prefix=x86_64-linux-gnu- --enable-shared --enable-linker-build-id --libexecdir=/usr/lib --without-included-gettext --enable-threads=posix --libdir=/usr/lib --enable-nls --enable-clocale=gnu --enable-libstdcxx-debug --enable-libstdcxx-time=yes --with-default-libstdcxx-abi=new --enable-gnu-unique-object --disable-vtable-verify --enable-plugin --enable-default-pie --with-system-zlib --with-target-system-zlib=auto --enable-objc-gc=auto --enable-multiarch --disable-werror --with-arch-32=i686 --with-abi=m64 --with-multilib-list=m32,m64,mx32 --enable-multilib --with-tune=generic --enable-offload-targets=nvptx-none=/build/gcc-9-HskZEa/gcc-9-9.3.0/debian/tmp-nvptx/usr,hsa --without-cuda-driver --enable-checking=release --build=x86_64-linux-gnu --host=x86_64-linux-gnu --target=x86_64-linux-gnu
Thread model: posix
gcc version 9.3.0 (Ubuntu 9.3.0-17ubuntu1~20.04) 
configure:3519: $? = 0
configure:3508: gcc -V >&5
gcc: error: unrecognized command line option '-V'
gcc: fatal error: no input files
compilation terminated.
configure:3519: $? = 1
configure:3508: gcc -qversion >&5
gcc: error: unrecognized command line option '-qversion'; did you mean '--version'?
gcc: fatal error: no input files
compilation terminated.
configure:3519: $? = 1
configure:3523: checking whether we are using the GNU C compiler
configure:3542: gcc -c   conftest.c >&5
configure:3542: $? = 0
configure:3551: result: yes
configure:3560: checking whether gcc accepts -g
configure:3580: gcc -c -g  conftest.c >&5
configure:3580: $? = 0
configure:3621: result: yes
configure:3638: checking for gcc option to accept ISO C89
configure:3702: gcc  -c -g -O2  conftest.c >&5
configure:3702: $? = 0
configure:3715: result: none needed
configure:3737: checking dependency style of gcc
configure:3847: result: gcc3
configure:3865: checking for FFTW
configure:3872: $PKG_CONFIG --exists --print-errors "fftw3f >= 3.0"
configure:3875: $? = 0
configure:3888: $PKG_CONFIG --exists --print-errors "fftw3f >= 3.0"
configure:3891: $? = 0
configure:4116: result: yes
configure:4121: checking for fftwf_init_threads in -lfftw3f_threads
configure:4155: result: no
configure:4162: WARNING: Can not find fftw3f_threads library. Thread support will be disabled.
configure:4179: checking for bash
configure:4197: found /usr/bin/bash
configure:4209: result: /usr/bin/bash
configure:4249: result:
vdp is now configured

  Source directory:     .
  Installation prefix:  NONE
  C++ compiler:         g++   -O3
  LIBS:                 

  pfs cflags:           -I/usr/local/include/pfs
  pfs libs:             -L/usr/local/lib -lpfs

  fftw cflags:          
  fftw libs:            -lfftw3f
  fftw_threads libs:    

  bash path:            /usr/bin/bash

  Debug mode            no

configure:4420: creating ./config.status

## ---------------------- ##
## Running config.status. ##
## ---------------------- ##

This file was extended by hdrvdp config.status 1.7.1, which was
generated by GNU Autoconf 2.65.  Invocation command line was

  CONFIG_FILES    = 
  CONFIG_HEADERS  = 
  CONFIG_LINKS    = 
  CONFIG_COMMANDS = 
  $ ./config.status 

on stormtrooper

config.status:782: creating Makefile
config.status:782: creating src/Makefile
config.status:782: creating distort/Makefile
config.status:782: creating src/vdp
config.status:945: executing depfiles commands

## ---------------- ##
## Cache variables. ##
## ---------------- ##

ac_cv_c_compiler_gnu=yes
ac_cv_cxx_compiler_gnu=yes
ac_cv_env_CCC_set=
ac_cv_env_CCC_value=
ac_cv_env_CC_set=
ac_cv_env_CC_value=
ac_cv_env_CFLAGS_set=
ac_cv_env_CFLAGS_value=
ac_cv_env_CPPFLAGS_set=
ac_cv_env_CPPFLAGS_value=
ac_cv_env_CXXFLAGS_set=
ac_cv_env_CXXFLAGS_value=
ac_cv_env_CXX_set=
ac_cv_env_CXX_value=
ac_cv_env_FFTW_CFLAGS_set=
ac_cv_env_FFTW_CFLAGS_value=
ac_cv_env_FFTW_LIBS_set=
ac_cv_env_FFTW_LIBS_value=
ac_cv_env_LDFLAGS_set=
ac_cv_env_LDFLAGS_value=
ac_cv_env_LIBS_set=
ac_cv_env_LIBS_value=
ac_cv_env_PFS_CFLAGS_set=
ac_cv_env_PFS_CFLAGS_value=
ac_cv_env_PFS_LIBS_set=
ac_cv_env_PFS_LIBS_value=
ac_cv_env_PKG_CONFIG_set=
ac_cv_env_PKG_CONFIG_value=
ac_cv_env_build_alias_set=
ac_cv_env_build_alias_value=
ac_cv_env_host_alias_set=
ac_cv_env_host_alias_value=
ac_cv_env_target_alias_set=
ac_cv_env_target_alias_value=
ac_cv_lib_fftw3f_threads_fftwf_init_threads=no
ac_cv_objext=o
ac_cv_path_BASH_PATH=/usr/bin/bash
ac_cv_path_ac_pt_PKG_CONFIG=/usr/bin/pkg-config
ac_cv_path_install='/usr/bin/install -c'
ac_cv_path_mkdir=/usr/bin/mkdir
ac_cv_prog_AWK=mawk
ac_cv_prog_ac_ct_CC=gcc
ac_cv_prog_ac_ct_CXX=g++
ac_cv_prog_cc_c89=
ac_cv_prog_cc_g=yes
ac_cv_prog_cxx_g=yes
ac_cv_prog_make_make_set=yes
am_cv_CC_dependencies_compiler_type=gcc3
am_cv_CXX_dependencies_compiler_type=gcc3
pkg_cv_FFTW_CFLAGS=
pkg_cv_FFTW_LIBS=-lfftw3f
pkg_cv_PFS_CFLAGS=-I/usr/local/include/pfs
pkg_cv_PFS_LIBS='-L/usr/local/lib -lpfs'

## ----------------- ##
## Output variables. ##
## ----------------- ##

ACLOCAL='${SHELL} /home/josh-admin/hdr/hdrvdp/hdrvdp-1.7.1/missing --run aclocal-1.11'
AMDEPBACKSLASH='\'
AMDEP_FALSE='#'
AMDEP_TRUE=''
AMTAR='${SHELL} /home/josh-admin/hdr/hdrvdp/hdrvdp-1.7.1/missing --run tar'
AUTOCONF='${SHELL} /home/josh-admin/hdr/hdrvdp/hdrvdp-1.7.1/missing --run autoconf'
AUTOHEADER='${SHELL} /home/josh-admin/hdr/hdrvdp/hdrvdp-1.7.1/missing --run autoheader'
AUTOMAKE='${SHELL} /home/josh-admin/hdr/hdrvdp/hdrvdp-1.7.1/missing --run automake-1.11'
AWK='mawk'
BASH_PATH='/usr/bin/bash'
CC='gcc'
CCDEPMODE='depmode=gcc3'
CFLAGS='-g -O2'
CPPFLAGS=''
CXX='g++'
CXXDEPMODE='depmode=gcc3'
CXXFLAGS='-O3'
CYGPATH_W='echo'
DEFS='-DPACKAGE_NAME=\"hdrvdp\" -DPACKAGE_TARNAME=\"hdrvdp\" -DPACKAGE_VERSION=\"1.7.1\" -DPACKAGE_STRING=\"hdrvdp\ 1.7.1\" -DPACKAGE_BUGREPORT=\"\" -DPACKAGE_URL=\"\" -DPACKAGE=\"hdrvdp\" -DVERSION=\"1.7.1\" -DNDEBUG=1'
DEPDIR='.deps'
ECHO_C=''
ECHO_N='-n'
ECHO_T=''
EXEEXT=''
FFTW_CFLAGS=''
FFTW_LIBS='-lfftw3f'
FFTW_THREADS_LIBS=''
INSTALL_DATA='${INSTALL} -m 644'
INSTALL_PROGRAM='${INSTALL}'
INSTALL_SCRIPT='${INSTALL}'
INSTALL_STRIP_PROGRAM='$(install_sh) -c -s'
LDFLAGS=''
LIBOBJS=''
LIBS=''
LTLIBOBJS=''
MAKEINFO='${SHELL} /home/josh-admin/hdr/hdrvdp/hdrvdp-1.7.1/missing --run makeinfo'
MKDIR_P='/usr/bin/mkdir -p'
OBJEXT='o'
PACKAGE='hdrvdp'
PACKAGE_BUGREPORT=''
PACKAGE_NAME='hdrvdp'
PACKAGE_STRING='hdrvdp 1.7.1'
PACKAGE_TARNAME='hdrvdp'
PACKAGE_URL=''
PACKAGE_VERSION='1.7.1'
PATH_SEPARATOR=':'
PFS_CFLAGS='-I/usr/local/include/pfs'
PFS_LIBS='-L/usr/local/lib -lpfs'
PKG_CONFIG='/usr/bin/pkg-config'
SET_MAKE=''
SHELL='/bin/bash'
STRIP=''
VERSION='1.7.1'
ac_ct_CC='gcc'
ac_ct_CXX='g++'
am__EXEEXT_FALSE=''
am__EXEEXT_TRUE='#'
am__fastdepCC_FALSE='#'
am__fastdepCC_TRUE=''
am__fastdepCXX_FALSE='#'
am__fastdepCXX_TRUE=''
am__include='include'
am__isrc=''
am__leading_dot='.'
am__quote=''
am__tar='${AMTAR} chof - "$$tardir"'
am__untar='${AMTAR} xf -'
bindir='${exec_prefix}/bin'
build_alias=''
datadir='${datarootdir}'
datarootdir='${prefix}/share'
docdir='${datarootdir}/doc/${PACKAGE_TARNAME}'
dvidir='${docdir}'
exec_prefix='${prefix}'
host_alias=''
htmldir='${docdir}'
includedir='${prefix}/include'
infodir='${datarootdir}/info'
install_sh='${SHELL} /home/josh-admin/hdr/hdrvdp/hdrvdp-1.7.1/install-sh'
libdir='${exec_prefix}/lib'
libexecdir='${exec_prefix}/libexec'
localedir='${datarootdir}/locale'
localstatedir='${prefix}/var'
mandir='${datarootdir}/man'
mkdir_p='/usr/bin/mkdir -p'
oldincludedir='/usr/include'
pdfdir='${docdir}'
prefix='/usr/local'
program_transform_name='s,x,x,'
psdir='${docdir}'
sbindir='${exec_prefix}/sbin'
sharedstatedir='${prefix}/com'
sysconfdir='${prefix}/etc'
target_alias=''

## ----------- ##
## confdefs.h. ##
## ----------- ##

/* confdefs.h */
#define PACKAGE_NAME "hdrvdp"
#define PACKAGE_TARNAME "hdrvdp"
#define PACKAGE_VERSION "1.7.1"
#define PACKAGE_STRING "hdrvdp 1.7.1"
#define PACKAGE_BUGREPORT ""
#define PACKAGE_URL ""
#define PACKAGE "hdrvdp"
#define VERSION "1.7.1"
#define NDEBUG 1

configure: exit 0
